\BOOKMARK [0][-]{chapter*.2}{\376\377\000K\000i\000v\000o\000n\000a\000t}{}% 1
\BOOKMARK [0][-]{chapter*.3}{\376\377\000A\000b\000s\000t\000r\000a\000c\000t}{}% 2
\BOOKMARK [0][-]{chapter.1}{\376\377\000B\000e\000v\000e\000z\000e\000t\000\351\000s}{}% 3
\BOOKMARK [1][-]{section.1.1}{\376\377\000E\000l\001\121\000z\000m\000\351\000n\000y\000e\000k}{chapter.1}% 4
\BOOKMARK [1][-]{section.1.2}{\376\377\000A\000\040\000f\000e\000l\000a\000d\000a\000t\000\040\000c\000\351\000l\000j\000a}{chapter.1}% 5
\BOOKMARK [1][-]{section.1.3}{\376\377\000F\000e\000l\000a\000d\000a\000t\000\040\000i\000n\000d\000o\000k\000o\000l\000t\000s\000\341\000g\000a}{chapter.1}% 6
\BOOKMARK [2][-]{subsection.1.3.1}{\376\377\000G\000y\000\341\000r\000t\000\363\000i\000p\000a\000r}{section.1.3}% 7
\BOOKMARK [2][-]{subsection.1.3.2}{\376\377\000S\000z\000\341\000l\000l\000\355\000t\000\341\000s}{section.1.3}% 8
\BOOKMARK [2][-]{subsection.1.3.3}{\376\377\000M\000e\000z\001\121\000g\000a\000z\000d\000a\000s\000\341\000g}{section.1.3}% 9
\BOOKMARK [2][-]{subsection.1.3.4}{\376\377\000S\000z\000\363\000r\000a\000k\000o\000z\000t\000a\000t\000\363\000i\000p\000a\000r}{section.1.3}% 10
\BOOKMARK [1][-]{section.1.4}{\376\377\000H\000a\000s\000z\000n\000\341\000l\000t\000\040\000k\000i\000f\000e\000j\000e\000z\000\351\000s\000e\000k}{chapter.1}% 11
\BOOKMARK [0][-]{chapter.2}{\376\377\000F\000e\000l\000h\001\121\000r\000e\000n\000d\000s\000z\000e\000r\000\040\000k\000i\000v\000\341\000l\000a\000s\000z\000t\000\341\000s\000a}{}% 12
\BOOKMARK [1][-]{section.2.1}{\376\377\000V\000i\000r\000t\000u\000a\000l\000i\000z\000\341\000c\000i\000\363\000s\000\040\000a\000l\000a\000p\000o\000k}{chapter.2}% 13
\BOOKMARK [2][-]{subsection.2.1.1}{\376\377\000H\000y\000p\000e\000r\000v\000i\000s\000o\000r}{section.2.1}% 14
\BOOKMARK [2][-]{subsection.2.1.2}{\376\377\000K\000o\000n\000t\000\351\000n\000e\000r}{section.2.1}% 15
\BOOKMARK [2][-]{subsection.2.1.3}{\376\377\000D\000o\000c\000k\000e\000r}{section.2.1}% 16
\BOOKMARK [1][-]{section.2.2}{\376\377\000D\000o\000c\000k\000e\000r\000\040\000C\000o\000m\000p\000o\000s\000e}{chapter.2}% 17
\BOOKMARK [1][-]{section.2.3}{\376\377\000D\000o\000c\000k\000e\000r\000\040\000S\000w\000a\000r\000m}{chapter.2}% 18
\BOOKMARK [1][-]{section.2.4}{\376\377\000M\000e\000s\000o\000s}{chapter.2}% 19
\BOOKMARK [1][-]{section.2.5}{\376\377\000K\000u\000b\000e\000r\000n\000e\000t\000e\000s}{chapter.2}% 20
\BOOKMARK [2][-]{subsection.2.5.1}{\376\377\000A\000r\000c\000h\000i\000t\000e\000k\000t\000\372\000r\000a}{section.2.5}% 21
\BOOKMARK [2][-]{subsection.2.5.2}{\376\377\000K\000o\000m\000p\000o\000n\000e\000n\000s\000e\000k}{section.2.5}% 22
\BOOKMARK [1][-]{section.2.6}{\376\377\000K\000e\000r\000e\000t\000r\000e\000n\000d\000s\000z\000e\000r\000\040\000m\000e\000g\000h\000a\000t\000\341\000r\000o\000z\000\341\000s\000a}{chapter.2}% 23
\BOOKMARK [0][-]{chapter.3}{\376\377\000R\000o\000b\000o\000t\000v\000e\000z\000\351\000r\000l\000\351\000s\000\040\000k\000\366\000r\000n\000y\000e\000z\000e\000t\000e}{}% 24
\BOOKMARK [1][-]{section.3.1}{\376\377\000R\000o\000b\000o\000t\000i\000r\000\341\000n\000y\000\355\000t\000\341\000s}{chapter.3}% 25
\BOOKMARK [1][-]{section.3.2}{\376\377\000R\000o\000b\000o\000t\000\040\000o\000p\000e\000r\000\341\000c\000i\000\363\000s\000\040\000r\000e\000n\000d\000s\000z\000e\000r\000\040\000-\000\040\000R\000O\000S}{chapter.3}% 26
\BOOKMARK [1][-]{section.3.3}{\376\377\000K\000o\000m\000m\000u\000n\000i\000k\000\341\000c\000i\000\363\000\040\000-\000\040\000M\000a\000v\000r\000o\000s\000,\000\040\000M\000a\000v\000l\000i\000n\000k}{chapter.3}% 27
\BOOKMARK [1][-]{section.3.4}{\376\377\000V\000e\000z\000\351\000r\000l\001\121\000\040\000-\000\040\000P\000X\0004}{chapter.3}% 28
\BOOKMARK [1][-]{section.3.5}{\376\377\000S\000z\000i\000m\000u\000l\000\341\000c\000i\000\363\000s\000\040\000k\000\366\000r\000n\000y\000e\000z\000e\000t\000\040\000-\000\040\000G\000a\000z\000e\000b\000o}{chapter.3}% 29
\BOOKMARK [1][-]{section.3.6}{\376\377\000E\000g\000y\000\374\000t\000t\000e\000s\000\040\000m\001\161\000k\000\366\000d\000\351\000s}{chapter.3}% 30
\BOOKMARK [0][-]{chapter.4}{\376\377\000V\000i\000r\000t\000u\000\341\000l\000i\000s\000\040\000g\000\351\000p\000e\000n\000\040\000k\000i\000a\000l\000a\000k\000\355\000t\000o\000t\000t\000\040\000t\000e\000s\000z\000t\000r\000e\000n\000d\000s\000z\000e\000r\000e\000k}{}% 31
\BOOKMARK [1][-]{section.4.1}{\376\377\000A\000z\000o\000n\000o\000s\000\040\000k\000o\000n\000t\000\351\000n\000e\000r\000r\000e\000l\000\040\000e\000g\000y\000\040\000d\000r\000\363\000n\000v\000e\000z\000\351\000r\000l\000\351\000s}{chapter.4}% 32
\BOOKMARK [1][-]{section.4.2}{\376\377\000K\000\351\000t\000\040\000V\000M\000-\000e\000n\000\040\000t\000\366\000b\000b\000\040\000d\000r\000\363\000n\000\040\000s\000z\000i\000m\000u\000l\000\341\000c\000i\000\363\000j\000a\000\040\000\351\000s\000\040\000v\000e\000z\000\351\000r\000l\000\351\000s\000e}{chapter.4}% 33
\BOOKMARK [0][-]{chapter.5}{\376\377\000Q\000o\000S\000\040\000s\000z\000t\000o\000h\000a\000s\000z\000t\000i\000k\000u\000s\000\040\000b\000e\000c\000s\000l\000\351\000s\000e}{}% 34
\BOOKMARK [1][-]{section.5.1}{\376\377\000T\000\366\000m\000e\000g\000k\000i\000s\000z\000o\000l\000g\000\341\000l\000\341\000s\000i\000\040\000m\000o\000d\000e\000l\000l}{chapter.5}% 35
\BOOKMARK [1][-]{section.5.2}{\376\377\000V\000\341\000r\000a\000k\000o\000z\000\341\000s\000i\000\040\000i\000d\001\121\000\040\000v\000\341\000r\000h\000a\000t\000\363\000\040\000\351\000r\000t\000\351\000k\000e}{chapter.5}% 36
\BOOKMARK [0][-]{section.5.2}{\376\377\000\326\000s\000s\000z\000e\000g\000z\000\351\000s}{}% 37
\BOOKMARK [0][-]{chapter*.35}{\376\377\000\301\000b\000r\000\341\000k\000\040\000j\000e\000g\000y\000z\000\351\000k\000e}{}% 38
\BOOKMARK [0][-]{chapter*.36}{\376\377\000L\000i\000s\000t\000\341\000k\000\040\000j\000e\000g\000y\000z\000\351\000k\000e}{}% 39
\BOOKMARK [0][-]{chapter*.36}{\376\377\000I\000r\000o\000d\000a\000l\000o\000m\000j\000e\000g\000y\000z\000\351\000k}{}% 40
